<?xml version="1.0" encoding="UTF-8"?>
<testsuite xmlns:xsi="http://www.w3.org/2001/XMLSchema-instance" xsi:noNamespaceSchemaLocation="https://maven.apache.org/surefire/maven-surefire-plugin/xsd/surefire-test-report-3.0.xsd" version="3.0" name="org.example.AppTest" time="0.016" tests="1" errors="0" skipped="0" failures="0">
  <properties>
    <property name="java.specification.version" value="19"/>
    <property name="sun.cpu.isalist" value="amd64"/>
    <property name="sun.jnu.encoding" value="GBK"/>
    <property name="java.class.path" value="D:\桌面文件\文本\秋招\开发\后端\test\target\test-classes;D:\桌面文件\文本\秋招\开发\后端\test\target\classes;D:\software_data\data\local_repo\junit\junit\3.8.1\junit-3.8.1.jar;"/>
    <property name="java.vm.vendor" value="Oracle Corporation"/>
    <property name="sun.arch.data.model" value="64"/>
    <property name="user.variant" value=""/>
    <property name="java.vendor.url" value="https://java.oracle.com/"/>
    <property name="user.timezone" value="Asia/Shanghai"/>
    <property name="os.name" value="Windows 10"/>
    <property name="java.vm.specification.version" value="19"/>
    <property name="sun.java.launcher" value="SUN_STANDARD"/>
    <property name="user.country" value="CN"/>
    <property name="sun.boot.library.path" value="D:\111\jdk-19_windows-x64_bin\jdk-19.0.1\bin"/>
    <property name="sun.java.command" value="C:\Users\liuwei\AppData\Local\Temp\surefire13191959399603646135\surefirebooter-20230321144216761_3.jar C:\Users\liuwei\AppData\Local\Temp\surefire13191959399603646135 2023-03-21T14-42-14_437-jvmRun1 surefire-20230321144216761_1tmp surefire_0-20230321144216761_2tmp"/>
    <property name="jdk.debug" value="release"/>
    <property name="surefire.test.class.path" value="D:\桌面文件\文本\秋招\开发\后端\test\target\test-classes;D:\桌面文件\文本\秋招\开发\后端\test\target\classes;D:\software_data\data\local_repo\junit\junit\3.8.1\junit-3.8.1.jar;"/>
    <property name="sun.cpu.endian" value="little"/>
    <property name="user.home" value="C:\Users\liuwei"/>
    <property name="user.language" value="zh"/>
    <property name="java.specification.vendor" value="Oracle Corporation"/>
    <property name="java.version.date" value="2022-10-18"/>
    <property name="java.home" value="D:\111\jdk-19_windows-x64_bin\jdk-19.0.1"/>
    <property name="file.separator" value="\"/>
    <property name="basedir" value="D:\桌面文件\文本\秋招\开发\后端\test"/>
    <property name="java.vm.compressedOopsMode" value="Zero based"/>
    <property name="line.separator" value="&#10;"/>
    <property name="java.vm.specification.vendor" value="Oracle Corporation"/>
    <property name="java.specification.name" value="Java Platform API Specification"/>
    <property name="surefire.real.class.path" value="C:\Users\liuwei\AppData\Local\Temp\surefire13191959399603646135\surefirebooter-20230321144216761_3.jar"/>
    <property name="user.script" value=""/>
    <property name="sun.management.compiler" value="HotSpot 64-Bit Tiered Compilers"/>
    <property name="java.runtime.version" value="19.0.1+10-21"/>
    <property name="user.name" value="liuwei"/>
    <property name="stdout.encoding" value="GBK"/>
    <property name="path.separator" value=";"/>
    <property name="os.version" value="10.0"/>
    <property name="java.runtime.name" value="Java(TM) SE Runtime Environment"/>
    <property name="file.encoding" value="UTF-8"/>
    <property name="java.vm.name" value="Java HotSpot(TM) 64-Bit Server VM"/>
    <property name="localRepository" value="D:\software_data\data\local_repo"/>
    <property name="java.vendor.url.bug" value="https://bugreport.java.com/bugreport/"/>
    <property name="java.io.tmpdir" value="C:\Users\liuwei\AppData\Local\Temp\"/>
    <property name="idea.version" value="2022.2.3"/>
    <property name="java.version" value="19.0.1"/>
    <property name="user.dir" value="D:\桌面文件\文本\秋招\开发\后端\test"/>
    <property name="os.arch" value="amd64"/>
    <property name="java.vm.specification.name" value="Java Virtual Machine Specification"/>
    <property name="sun.os.patch.level" value=""/>
    <property name="native.encoding" value="GBK"/>
    <property name="java.library.path" value="D:\111\jdk-19_windows-x64_bin\jdk-19.0.1\bin;C:\WINDOWS\Sun\Java\bin;C:\WINDOWS\system32;C:\WINDOWS;D:\ruanjian\anaconda3\condabin;D:\Software\Xshell6\;D:\Software\Xftp6\;C:\Windows\system32;C:\Windows;C:\Windows\System32\Wbem;C:\Windows\System32\WindowsPowerShell\v1.0\;C:\Windows\System32\OpenSSH\;C:\Program Files (x86)\NVIDIA Corporation\PhysX\Common;D:\Software\Python38;D:\Software\Python38\Scripts;D:\ruanjian\anaconda3;D:\ruanjian\anaconda3\Scripts;D:\Software\Git\cmd;C:\WINDOWS\system32;C:\WINDOWS;C:\WINDOWS\System32\Wbem;C:\WINDOWS\System32\WindowsPowerShell\v1.0\;C:\WINDOWS\System32\OpenSSH\;C:\Program Files\NVIDIA Corporation\NVIDIA NvDLISR;C:\Program Files\Microsoft SQL Server\90\DTS\Binn\;D:\Software\Xlpd 7\;D:\Software\;D:\111\ffmpeg;D:\111;D:\software_data\download\mysql-8.0.30-winx64\mysql-8.0.30-winx64\bin;D:\111\jdk-19_windows-x64_bin\jdk-19.0.1\bin;D:\Software\nodejs\;D:\software_data\apache-tomcat-10.0.27\lib;D:\software_data\apache-tomcat-10.0.27\bin;C:\Users\liuwei\AppData\Local\Microsoft\WindowsApps;C:\Users\liuwei\AppData\Local\Programs\Microsoft VS Code\bin;C:\Program Files\Bandizip\;D:\Software\MiKTeX\miktex\bin\x64\;D:\Software\MiKTeX;D:\ruanjian\PyCharm 2021.3.2\bin;;C:\MinGW\bin;;D:\ruanjian\WebStorm 2022.2.3\bin;;D:\ruanjian\IntelliJ IDEA 2022.2.3\bin;;D:\Software\DataGrip 2022.3\bin;;C:\Users\liuwei\AppData\Roaming\npm;."/>
    <property name="java.vm.info" value="mixed mode, sharing"/>
    <property name="stderr.encoding" value="GBK"/>
    <property name="java.vendor" value="Oracle Corporation"/>
    <property name="java.vm.version" value="19.0.1+10-21"/>
    <property name="sun.io.unicode.encoding" value="UnicodeLittle"/>
    <property name="maven.repo.local" value="D:\software_data\data\local_repo"/>
    <property name="java.class.version" value="63.0"/>
  </properties>
  <testcase name="testApp" classname="org.example.AppTest" time="0.002"/>
</testsuite>